app/build/intermediates/manifest_merge_blame_file/debug/manifest-merger-blame-debug-report.txt
1<?xml version="1.0" encoding="utf-8"?>
2<manifest xmlns:android="http://schemas.android.com/apk/res/android"
3    package="com.StarMicronics.StarIOSDK"
4    android:versionCode="34"
5    android:versionName="5.11.0" >
6
7    <uses-sdk
8        android:minSdkVersion="21"
8-->src\main\AndroidManifest.xml
9        android:targetSdkVersion="29" />
9-->src\main\AndroidManifest.xml
10
11    <uses-permission android:name="android.permission.INTERNET" />
11-->src\main\AndroidManifest.xml:5:5-67
11-->src\main\AndroidManifest.xml:5:22-64
12    <uses-permission android:name="android.permission.BLUETOOTH" />
12-->src\main\AndroidManifest.xml:6:5-68
12-->src\main\AndroidManifest.xml:6:22-65
13    <uses-permission android:name="android.permission.BLUETOOTH_ADMIN" />
13-->src\main\AndroidManifest.xml:7:5-74
13-->src\main\AndroidManifest.xml:7:22-71
14    <uses-permission android:name="android.permission.READ_EXTERNAL_STORAGE" />
14-->src\main\AndroidManifest.xml:8:5-80
14-->src\main\AndroidManifest.xml:8:22-77
15    <uses-permission android:name="android.permission.ACCESS_FINE_LOCATION" />
15-->src\main\AndroidManifest.xml:9:5-79
15-->src\main\AndroidManifest.xml:9:22-76
16    <uses-permission android:name="android.permission.ACCESS_NETWORK_STATE" />
16-->[:smcloudservices:] AndroidManifest.xml:11:5-79
16-->[:smcloudservices:] AndroidManifest.xml:11:22-76
17
18    <application
18-->src\main\AndroidManifest.xml:11:5-44:19
19        android:allowBackup="true"
19-->src\main\AndroidManifest.xml:12:9-35
20        android:appComponentFactory="androidx.core.app.CoreComponentFactory"
20-->[androidx.core:core:1.0.0] AndroidManifest.xml:22:18-86
21        android:debuggable="true"
22        android:icon="@mipmap/app_icon"
22-->src\main\AndroidManifest.xml:13:9-40
23        android:label="@string/app_name"
23-->src\main\AndroidManifest.xml:15:9-41
24        android:resizeableActivity="false"
24-->src\main\AndroidManifest.xml:17:13-47
25        android:roundIcon="@mipmap/app_icon_round"
25-->src\main\AndroidManifest.xml:14:9-51
26        android:testOnly="true"
27        android:theme="@style/AppTheme" >
27-->src\main\AndroidManifest.xml:16:13-44
28        <activity
28-->src\main\AndroidManifest.xml:19:9-33:20
29            android:name="com.starmicronics.starprntsdk.TitleActivity"
29-->src\main\AndroidManifest.xml:20:13-42
30            android:configChanges="orientation|screenSize"
30-->src\main\AndroidManifest.xml:23:13-59
31            android:hardwareAccelerated="false"
31-->src\main\AndroidManifest.xml:22:13-48
32            android:screenOrientation="portrait"
32-->src\main\AndroidManifest.xml:24:13-49
33            android:theme="@style/TitleTheme" >
33-->src\main\AndroidManifest.xml:21:13-46
34            <meta-data
34-->src\main\AndroidManifest.xml:26:13-127
35                android:name="android.hardware.usb.action.USB_DEVICE_ATTACHED"
35-->src\main\AndroidManifest.xml:26:24-86
36                android:resource="@xml/device_filter" />
36-->src\main\AndroidManifest.xml:26:87-124
37
38            <intent-filter>
38-->src\main\AndroidManifest.xml:28:13-32:29
39                <action android:name="android.intent.action.MAIN" />
39-->src\main\AndroidManifest.xml:29:17-69
39-->src\main\AndroidManifest.xml:29:25-66
40
41                <category android:name="android.intent.category.LAUNCHER" />
41-->src\main\AndroidManifest.xml:30:17-77
41-->src\main\AndroidManifest.xml:30:27-74
42
43                <action android:name="android.hardware.usb.action.USB_DEVICE_ATTACHED" />
43-->src\main\AndroidManifest.xml:31:17-90
43-->src\main\AndroidManifest.xml:31:25-87
44            </intent-filter>
45        </activity>
46        <activity
46-->src\main\AndroidManifest.xml:35:9-38:52
47            android:name="com.starmicronics.starprntsdk.MainActivity"
47-->src\main\AndroidManifest.xml:36:13-41
48            android:label="@string/app_name"
48-->src\main\AndroidManifest.xml:37:13-45
49            android:screenOrientation="portrait" />
49-->src\main\AndroidManifest.xml:38:13-49
50        <activity
50-->src\main\AndroidManifest.xml:40:9-42:52
51            android:name="com.starmicronics.starprntsdk.CommonActivity"
51-->src\main\AndroidManifest.xml:41:13-43
52            android:screenOrientation="portrait" />
52-->src\main\AndroidManifest.xml:42:13-49
53    </application>
54
55</manifest>